#
# A fatal error has been detected by the Java Runtime Environment:
#
#  EXCEPTION_ACCESS_VIOLATION (0xc0000005) at pc=0x0000000055a18f72, pid=4648, tid=0x0000000000001748
#
# JRE version: OpenJDK Runtime Environment (8.0_112-b06) (build 1.8.0_112-release-b06)
# Java VM: OpenJDK 64-Bit Server VM (25.112-b06 mixed mode windows-amd64 compressed oops)
# Problematic frame:
# V  [jvm.dll+0xe8f72]
#
# Failed to write core dump. Minidumps are not enabled by default on client versions of Windows
#
# If you would like to submit a bug report, please visit:
#   http://bugreport.java.com/bugreport/crash.jsp
#

---------------  T H R E A D  ---------------

Current thread (0x00000000164a2000):  JavaThread "C2 CompilerThread1" daemon [_thread_in_vm, id=5960, stack(0x0000000017c10000,0x0000000017d10000)]

siginfo: ExceptionCode=0xc0000005, reading address 0x0000002015b78ff2

Registers:
RAX=0x0000002015b78fd0, RBX=0x000000010000d401, RCX=0x0000000015b79018, RDX=0x0000000000000042
RSP=0x0000000017d0c168, RBP=0x0000000015b77d68, RSI=0x0000000000000059, RDI=0x0000000002a98eb0
R8 =0x0000000000000058, R9 =0x000000000000002d, R10=0x0000000002a7af90, R11=0x0000000017d0c460
R12=0x0000000002a789a0, R13=0x000000010000d4d8, R14=0x0000000002a98eb0, R15=0x0000000017d0c3d0
RIP=0x0000000055a18f72, EFLAGS=0x0000000000010207

Top of Stack: (sp=0x0000000017d0c168)
0x0000000017d0c168:   00000000164a2000 0000000002a789a0
0x0000000017d0c178:   00000000559c7d7e 000000010000d4d8
0x0000000017d0c188:   0000000002a98eb0 0000000002a789a0
0x0000000017d0c198:   0000000017d0c3d0 0000000000000000
0x0000000017d0c1a8:   00000000559ca0e7 000000010000d4d8
0x0000000017d0c1b8:   000000010000d4d8 000000010040e028
0x0000000017d0c1c8:   0000000000000000 00000000164a2001
0x0000000017d0c1d8:   0000000055b24c00 00000000164a2000
0x0000000017d0c1e8:   0000000000000001 0000000002a74770
0x0000000017d0c1f8:   00000000559863c7 0000000002a789a0
0x0000000017d0c208:   0000000002a98eb0 000000001ccd47e0
0x0000000017d0c218:   000000001ccd89d8 0000000000010388
0x0000000017d0c228:   000000001ccd09f0 00000000164a2000
0x0000000017d0c238:   0000000000000000 0000000002a0c930
0x0000000017d0c248:   0000000002a0c930 0000000000000000
0x0000000017d0c258:   0000000100016f00 0000000017d0c330 

Instructions: (pc=0x0000000055a18f72)
0x0000000055a18f52:   33 c9 44 8d 46 ff 45 85 c0 78 44 0f 1f 00 43 8d
0x0000000055a18f62:   14 08 d1 fa 48 63 c2 48 8b 4c c5 08 48 8b 41 08
0x0000000055a18f72:   0f b7 48 22 48 8b 40 08 4c 8b 54 c8 50 4c 3b d7
0x0000000055a18f82:   72 14 33 c0 4c 3b d7 0f 95 c0 85 c0 74 40 78 06 


Register to memory mapping:

RAX=0x0000002015b78fd0 is an unknown value
RBX=0x000000010000d401 is pointing into metadata
RCX={method} {0x0000000015b79020} 
[error occurred during error reporting (printing register info), id 0xc0000005]

Stack: [0x0000000017c10000,0x0000000017d10000],  sp=0x0000000017d0c168,  free space=1008k
Native frames: (J=compiled Java code, j=interpreted, Vv=VM code, C=native code)
V  [jvm.dll+0xe8f72]
V  [jvm.dll+0x97d7e]
V  [jvm.dll+0x9a0e7]
V  [jvm.dll+0x9a955]
V  [jvm.dll+0xbcb1]
V  [jvm.dll+0xbfdb]
V  [jvm.dll+0xc13a]
V  [jvm.dll+0x2394d]
V  [jvm.dll+0x26280]
V  [jvm.dll+0x27a25]
V  [jvm.dll+0x28c9a]
V  [jvm.dll+0x29b9c]
V  [jvm.dll+0x29fab]
V  [jvm.dll+0x2a0ce]
V  [jvm.dll+0x13dbe]
V  [jvm.dll+0x421efe]
V  [jvm.dll+0x422d92]
V  [jvm.dll+0x44738c]
V  [jvm.dll+0x448e03]
V  [jvm.dll+0x4d1dc7]
V  [jvm.dll+0x4ca907]
V  [jvm.dll+0x4cac89]
V  [jvm.dll+0x4cb21f]
V  [jvm.dll+0x424150]
V  [jvm.dll+0x448e86]
V  [jvm.dll+0x4d1dc7]
V  [jvm.dll+0x4ca907]
V  [jvm.dll+0x4cac89]
V  [jvm.dll+0x4cb21f]
V  [jvm.dll+0x424150]
V  [jvm.dll+0x448e86]
V  [jvm.dll+0x4d1dc7]
V  [jvm.dll+0x4ca907]
V  [jvm.dll+0x4cac89]
V  [jvm.dll+0x4cb21f]
V  [jvm.dll+0x424150]
V  [jvm.dll+0x42484a]
V  [jvm.dll+0x448e86]
V  [jvm.dll+0x4d1dc7]
V  [jvm.dll+0x4ca907]
V  [jvm.dll+0x4cac89]
V  [jvm.dll+0x4cb21f]
V  [jvm.dll+0x424150]
V  [jvm.dll+0x43fce5]
V  [jvm.dll+0x423242]
V  [jvm.dll+0x80b29]
V  [jvm.dll+0x8145f]
V  [jvm.dll+0x21be7f]
V  [jvm.dll+0x26c13a]
C  [msvcr100.dll+0x21d9f]
C  [msvcr100.dll+0x21e3b]
C  [KERNEL32.DLL+0x8364]
C  [ntdll.dll+0x670d1]


Current CompileTask:
C2:6655736 17270       4       com.sun.org.apache.xerces.internal.dom.AttrImpl::getValue (176 bytes)


---------------  P R O C E S S  ---------------

Java Threads: ( => current thread )
  0x000000001c55e000 JavaThread "Cache update executor" [_thread_blocked, id=6408, stack(0x000000002c7c0000,0x000000002c8c0000)]
  0x000000001c55d000 JavaThread "Stdin handler" [_thread_blocked, id=6300, stack(0x000000002c6c0000,0x000000002c7c0000)]
  0x000000001c558000 JavaThread "Asynchronous log dispatcher for DefaultDaemonConnection: socket connection from /127.0.0.1:49817 to /127.0.0.1:50632" [_thread_blocked, id=884, stack(0x000000002c5c0000,0x000000002c6c0000)]
  0x000000001c55c800 JavaThread "Cancel handler" [_thread_blocked, id=5952, stack(0x000000002c4c0000,0x000000002c5c0000)]
  0x000000001c55b800 JavaThread "Handler for socket connection from /127.0.0.1:49817 to /127.0.0.1:50632" [_thread_in_native, id=3776, stack(0x000000002c3c0000,0x000000002c4c0000)]
  0x000000001c55f800 JavaThread "Daemon worker Thread 8" [_thread_in_native, id=3888, stack(0x000000002b8c0000,0x000000002b9c0000)]
  0x000000001c55e800 JavaThread "Daemon Thread 8" [_thread_blocked, id=524, stack(0x000000002b5c0000,0x000000002b6c0000)]
  0x000000001b299800 JavaThread "File lock request listener" [_thread_in_native, id=2284, stack(0x000000001bf70000,0x000000001c070000)]
  0x00000000198d5000 JavaThread "pool-1-thread-1" [_thread_blocked, id=5308, stack(0x000000001a780000,0x000000001a880000)]
  0x000000001965b000 JavaThread "Incoming local TCP Connector on port 49817" [_thread_in_native, id=6360, stack(0x0000000019be0000,0x0000000019ce0000)]
  0x00000000164fe000 JavaThread "Service Thread" daemon [_thread_blocked, id=6448, stack(0x0000000018210000,0x0000000018310000)]
  0x00000000164ca000 JavaThread "C1 CompilerThread2" daemon [_thread_blocked, id=4356, stack(0x0000000017d10000,0x0000000017e10000)]
=>0x00000000164a2000 JavaThread "C2 CompilerThread1" daemon [_thread_in_vm, id=5960, stack(0x0000000017c10000,0x0000000017d10000)]
  0x000000001649f000 JavaThread "C2 CompilerThread0" daemon [_thread_in_native, id=2876, stack(0x0000000017b10000,0x0000000017c10000)]
  0x000000001649b800 JavaThread "Attach Listener" daemon [_thread_blocked, id=5640, stack(0x0000000017a10000,0x0000000017b10000)]
  0x000000001649a000 JavaThread "Signal Dispatcher" daemon [_thread_blocked, id=6352, stack(0x0000000017910000,0x0000000017a10000)]
  0x0000000016488800 JavaThread "Finalizer" daemon [_thread_blocked, id=3192, stack(0x0000000017710000,0x0000000017810000)]
  0x0000000002b21000 JavaThread "Reference Handler" daemon [_thread_blocked, id=6688, stack(0x0000000017610000,0x0000000017710000)]
  0x0000000002a30800 JavaThread "main" [_thread_blocked, id=7080, stack(0x0000000002840000,0x0000000002940000)]

Other Threads:
  0x0000000016464800 VMThread [stack: 0x0000000017510000,0x0000000017610000] [id=5020]
  0x0000000017e32000 WatcherThread [stack: 0x0000000018310000,0x0000000018410000] [id=3212]

VM state:not at safepoint (normal execution)

VM Mutex/Monitor currently owned by a thread: None

Heap:
 PSYoungGen      total 448000K, used 399887K [0x00000000e0000000, 0x0000000100000000, 0x0000000100000000)
  eden space 424448K, 91% used [0x00000000e0000000,0x00000000f7a3f0b0,0x00000000f9e80000)
  from space 23552K, 53% used [0x00000000f9e80000,0x00000000faac4ce0,0x00000000fb580000)
  to   space 22528K, 0% used [0x00000000fea00000,0x00000000fea00000,0x0000000100000000)
 ParOldGen       total 162304K, used 60757K [0x00000000a0000000, 0x00000000a9e80000, 0x00000000e0000000)
  object space 162304K, 37% used [0x00000000a0000000,0x00000000a3b55770,0x00000000a9e80000)
 Metaspace       used 78008K, capacity 83712K, committed 83968K, reserved 1122304K
  class space    used 10161K, capacity 10997K, committed 11008K, reserved 1048576K

Card table byte_map: [0x0000000011ef0000,0x0000000012200000] byte_map_base: 0x00000000119f0000

Marking Bits: (ParMarkBitMap*) 0x00000000560f18f0
 Begin Bits: [0x0000000012800000, 0x0000000014000000)
 End Bits:   [0x0000000014000000, 0x0000000015800000)

Polling page: 0x00000000010c0000

CodeCache: size=245760Kb used=49995Kb max_used=49995Kb free=195764Kb
 bounds [0x0000000002b30000, 0x0000000005c80000, 0x0000000011b30000]
 total_blobs=14833 nmethods=14009 adapters=735
 compilation: enabled

Compilation events (10 events):
Event: 6655.300 Thread 0x00000000164ca000 17292       3       org.gradle.internal.classloader.VisitableURLClassLoader$Spec::<init> (10 bytes)
Event: 6655.300 Thread 0x00000000164ca000 nmethod 17292 0x0000000005865f10 code [0x0000000005866080, 0x00000000058662b0]
Event: 6655.302 Thread 0x00000000164ca000 17293       1       com.android.builder.sdk.TargetInfo::getTarget (5 bytes)
Event: 6655.302 Thread 0x00000000164ca000 nmethod 17293 0x000000000582c490 code [0x000000000582c5e0, 0x000000000582c6f0]
Event: 6655.302 Thread 0x00000000164ca000 17294       3       org.gradle.internal.classloader.VisitableURLClassLoader::visit (34 bytes)
Event: 6655.303 Thread 0x00000000164ca000 nmethod 17294 0x0000000005863d50 code [0x0000000005864000, 0x0000000005865388]
Event: 6655.312 Thread 0x00000000164ca000 17296       3       org.gradle.internal.classloader.ClassLoaderVisitor::visitSpec (1 bytes)
Event: 6655.313 Thread 0x00000000164ca000 nmethod 17296 0x0000000005863a10 code [0x0000000005863b60, 0x0000000005863cb0]
Event: 6655.318 Thread 0x00000000164ca000 17297       3       com.google.common.collect.RegularImmutableAsList::<init> (10 bytes)
Event: 6655.318 Thread 0x00000000164ca000 nmethod 17297 0x0000000004ada4d0 code [0x0000000004ada660, 0x0000000004adab08]

GC Heap History (10 events):
Event: 5760.955 GC heap before
{Heap before GC invocations=18 (full 3):
 PSYoungGen      total 251904K, used 231273K [0x00000000e0000000, 0x00000000f3180000, 0x0000000100000000)
  eden space 225792K, 100% used [0x00000000e0000000,0x00000000edc80000,0x00000000edc80000)
  from space 26112K, 20% used [0x00000000ef600000,0x00000000efb5a608,0x00000000f0f80000)
  to   space 26112K, 0% used [0x00000000edc80000,0x00000000edc80000,0x00000000ef600000)
 ParOldGen       total 162304K, used 42701K [0x00000000a0000000, 0x00000000a9e80000, 0x00000000e0000000)
  object space 162304K, 26% used [0x00000000a0000000,0x00000000a29b35f0,0x00000000a9e80000)
 Metaspace       used 65432K, capacity 68386K, committed 68480K, reserved 1107968K
  class space    used 8735K, capacity 9328K, committed 9344K, reserved 1048576K
Event: 5760.967 GC heap after
Heap after GC invocations=18 (full 3):
 PSYoungGen      total 251904K, used 12335K [0x00000000e0000000, 0x00000000f7b00000, 0x0000000100000000)
  eden space 225792K, 0% used [0x00000000e0000000,0x00000000e0000000,0x00000000edc80000)
  from space 26112K, 47% used [0x00000000edc80000,0x00000000ee88be60,0x00000000ef600000)
  to   space 24576K, 0% used [0x00000000f6300000,0x00000000f6300000,0x00000000f7b00000)
 ParOldGen       total 162304K, used 42709K [0x00000000a0000000, 0x00000000a9e80000, 0x00000000e0000000)
  object space 162304K, 26% used [0x00000000a0000000,0x00000000a29b55f0,0x00000000a9e80000)
 Metaspace       used 65432K, capacity 68386K, committed 68480K, reserved 1107968K
  class space    used 8735K, capacity 9328K, committed 9344K, reserved 1048576K
}
Event: 5990.677 GC heap before
{Heap before GC invocations=19 (full 3):
 PSYoungGen      total 251904K, used 238127K [0x00000000e0000000, 0x00000000f7b00000, 0x0000000100000000)
  eden space 225792K, 100% used [0x00000000e0000000,0x00000000edc80000,0x00000000edc80000)
  from space 26112K, 47% used [0x00000000edc80000,0x00000000ee88be60,0x00000000ef600000)
  to   space 24576K, 0% used [0x00000000f6300000,0x00000000f6300000,0x00000000f7b00000)
 ParOldGen       total 162304K, used 42709K [0x00000000a0000000, 0x00000000a9e80000, 0x00000000e0000000)
  object space 162304K, 26% used [0x00000000a0000000,0x00000000a29b55f0,0x00000000a9e80000)
 Metaspace       used 69219K, capacity 72666K, committed 72832K, reserved 1112064K
  class space    used 9124K, capacity 9772K, committed 9856K, reserved 1048576K
Event: 5990.693 GC heap after
Heap after GC invocations=19 (full 3):
 PSYoungGen      total 351232K, used 13193K [0x00000000e0000000, 0x00000000f7480000, 0x0000000100000000)
  eden space 333312K, 0% used [0x00000000e0000000,0x00000000e0000000,0x00000000f4580000)
  from space 17920K, 73% used [0x00000000f6300000,0x00000000f6fe26b0,0x00000000f7480000)
  to   space 24064K, 0% used [0x00000000f4580000,0x00000000f4580000,0x00000000f5d00000)
 ParOldGen       total 162304K, used 47029K [0x00000000a0000000, 0x00000000a9e80000, 0x00000000e0000000)
  object space 162304K, 28% used [0x00000000a0000000,0x00000000a2ded4a0,0x00000000a9e80000)
 Metaspace       used 69219K, capacity 72666K, committed 72832K, reserved 1112064K
  class space    used 9124K, capacity 9772K, committed 9856K, reserved 1048576K
}
Event: 6306.660 GC heap before
{Heap before GC invocations=20 (full 3):
 PSYoungGen      total 351232K, used 346505K [0x00000000e0000000, 0x00000000f7480000, 0x0000000100000000)
  eden space 333312K, 100% used [0x00000000e0000000,0x00000000f4580000,0x00000000f4580000)
  from space 17920K, 73% used [0x00000000f6300000,0x00000000f6fe26b0,0x00000000f7480000)
  to   space 24064K, 0% used [0x00000000f4580000,0x00000000f4580000,0x00000000f5d00000)
 ParOldGen       total 162304K, used 47029K [0x00000000a0000000, 0x00000000a9e80000, 0x00000000e0000000)
  object space 162304K, 28% used [0x00000000a0000000,0x00000000a2ded4a0,0x00000000a9e80000)
 Metaspace       used 72781K, capacity 76712K, committed 76800K, reserved 1116160K
  class space    used 9573K, capacity 10211K, committed 10240K, reserved 1048576K
Event: 6306.675 GC heap after
Heap after GC invocations=20 (full 3):
 PSYoungGen      total 357376K, used 7056K [0x00000000e0000000, 0x00000000fd400000, 0x0000000100000000)
  eden space 333312K, 0% used [0x00000000e0000000,0x00000000e0000000,0x00000000f4580000)
  from space 24064K, 29% used [0x00000000f4580000,0x00000000f4c640f0,0x00000000f5d00000)
  to   space 23552K, 0% used [0x00000000fbd00000,0x00000000fbd00000,0x00000000fd400000)
 ParOldGen       total 162304K, used 56108K [0x00000000a0000000, 0x00000000a9e80000, 0x00000000e0000000)
  object space 162304K, 34% used [0x00000000a0000000,0x00000000a36cb100,0x00000000a9e80000)
 Metaspace       used 72781K, capacity 76712K, committed 76800K, reserved 1116160K
  class space    used 9573K, capacity 10211K, committed 10240K, reserved 1048576K
}
Event: 6409.296 GC heap before
{Heap before GC invocations=21 (full 3):
 PSYoungGen      total 357376K, used 340368K [0x00000000e0000000, 0x00000000fd400000, 0x0000000100000000)
  eden space 333312K, 100% used [0x00000000e0000000,0x00000000f4580000,0x00000000f4580000)
  from space 24064K, 29% used [0x00000000f4580000,0x00000000f4c640f0,0x00000000f5d00000)
  to   space 23552K, 0% used [0x00000000fbd00000,0x00000000fbd00000,0x00000000fd400000)
 ParOldGen       total 162304K, used 56108K [0x00000000a0000000, 0x00000000a9e80000, 0x00000000e0000000)
  object space 162304K, 34% used [0x00000000a0000000,0x00000000a36cb100,0x00000000a9e80000)
 Metaspace       used 73946K, capacity 78884K, committed 79104K, reserved 1118208K
  class space    used 9743K, capacity 10483K, committed 10496K, reserved 1048576K
Event: 6409.312 GC heap after
Heap after GC invocations=21 (full 3):
 PSYoungGen      total 440320K, used 6834K [0x00000000e0000000, 0x00000000fcc80000, 0x0000000100000000)
  eden space 424448K, 0% used [0x00000000e0000000,0x00000000e0000000,0x00000000f9e80000)
  from space 15872K, 43% used [0x00000000fbd00000,0x00000000fc3acaf0,0x00000000fcc80000)
  to   space 23552K, 0% used [0x00000000f9e80000,0x00000000f9e80000,0x00000000fb580000)
 ParOldGen       total 162304K, used 59305K [0x00000000a0000000, 0x00000000a9e80000, 0x00000000e0000000)
  object space 162304K, 36% used [0x00000000a0000000,0x00000000a39ea720,0x00000000a9e80000)
 Metaspace       used 73946K, capacity 78884K, committed 79104K, reserved 1118208K
  class space    used 9743K, capacity 10483K, committed 10496K, reserved 1048576K
}
Event: 6617.897 GC heap before
{Heap before GC invocations=22 (full 3):
 PSYoungGen      total 440320K, used 431282K [0x00000000e0000000, 0x00000000fcc80000, 0x0000000100000000)
  eden space 424448K, 100% used [0x00000000e0000000,0x00000000f9e80000,0x00000000f9e80000)
  from space 15872K, 43% used [0x00000000fbd00000,0x00000000fc3acaf0,0x00000000fcc80000)
  to   space 23552K, 0% used [0x00000000f9e80000,0x00000000f9e80000,0x00000000fb580000)
 ParOldGen       total 162304K, used 59305K [0x00000000a0000000, 0x00000000a9e80000, 0x00000000e0000000)
  object space 162304K, 36% used [0x00000000a0000000,0x00000000a39ea720,0x00000000a9e80000)
 Metaspace       used 76656K, capacity 82192K, committed 82432K, reserved 1120256K
  class space    used 10040K, capacity 10889K, committed 11008K, reserved 1048576K
Event: 6617.911 GC heap after
Heap after GC invocations=22 (full 3):
 PSYoungGen      total 448000K, used 12563K [0x00000000e0000000, 0x0000000100000000, 0x0000000100000000)
  eden space 424448K, 0% used [0x00000000e0000000,0x00000000e0000000,0x00000000f9e80000)
  from space 23552K, 53% used [0x00000000f9e80000,0x00000000faac4ce0,0x00000000fb580000)
  to   space 22528K, 0% used [0x00000000fea00000,0x00000000fea00000,0x0000000100000000)
 ParOldGen       total 162304K, used 60757K [0x00000000a0000000, 0x00000000a9e80000, 0x00000000e0000000)
  object space 162304K, 37% used [0x00000000a0000000,0x00000000a3b55770,0x00000000a9e80000)
 Metaspace       used 76656K, capacity 82192K, committed 82432K, reserved 1120256K
  class space    used 10040K, capacity 10889K, committed 11008K, reserved 1048576K
}

Deoptimization events (10 events):
Event: 6655.144 Thread 0x000000001c55f800 Uncommon trap: reason=unstable_if action=reinterpret pc=0x0000000003a4e6ac method=com.sun.org.apache.xerces.internal.impl.dtd.XMLDTDValidator.handleStartElement(Lcom/sun/org/apache/xerces/internal/xni/QName;Lcom/sun/org/apache/xerces/internal/xni/XMLAttrib
Event: 6655.144 Thread 0x000000001c55f800 Uncommon trap: reason=class_check action=maybe_recompile pc=0x0000000004008bd4 method=com.sun.org.apache.xerces.internal.impl.XMLDocumentFragmentScannerImpl.scanStartElement()Z @ 372
Event: 6655.144 Thread 0x000000001c55f800 Uncommon trap: reason=class_check action=maybe_recompile pc=0x0000000004008bd4 method=com.sun.org.apache.xerces.internal.impl.XMLDocumentFragmentScannerImpl.scanStartElement()Z @ 372
Event: 6655.144 Thread 0x000000001c55f800 Uncommon trap: reason=class_check action=maybe_recompile pc=0x0000000004008bd4 method=com.sun.org.apache.xerces.internal.impl.XMLDocumentFragmentScannerImpl.scanStartElement()Z @ 372
Event: 6655.144 Thread 0x000000001c55f800 Uncommon trap: reason=class_check action=maybe_recompile pc=0x0000000004008bd4 method=com.sun.org.apache.xerces.internal.impl.XMLDocumentFragmentScannerImpl.scanStartElement()Z @ 372
Event: 6655.144 Thread 0x000000001c55f800 Uncommon trap: reason=bimorphic action=maybe_recompile pc=0x00000000055d2b70 method=com.sun.org.apache.xerces.internal.dom.ElementImpl.getAttributes()Lorg/w3c/dom/NamedNodeMap; @ 8
Event: 6655.144 Thread 0x000000001c55f800 Uncommon trap: reason=class_check action=maybe_recompile pc=0x0000000005abfd0c method=com.sun.org.apache.xerces.internal.dom.AttrImpl.getValue()Ljava/lang/String; @ 19
Event: 6655.145 Thread 0x000000001c55f800 Uncommon trap: reason=class_check action=maybe_recompile pc=0x0000000005abfd0c method=com.sun.org.apache.xerces.internal.dom.AttrImpl.getValue()Ljava/lang/String; @ 19
Event: 6655.145 Thread 0x000000001c55f800 Uncommon trap: reason=class_check action=maybe_recompile pc=0x0000000005abfd0c method=com.sun.org.apache.xerces.internal.dom.AttrImpl.getValue()Ljava/lang/String; @ 19
Event: 6655.145 Thread 0x000000001c55f800 Uncommon trap: reason=class_check action=maybe_recompile pc=0x0000000005abfd0c method=com.sun.org.apache.xerces.internal.dom.AttrImpl.getValue()Ljava/lang/String; @ 19

Internal exceptions (10 events):
Event: 6617.713 Thread 0x000000001c55f800 Exception <a 'sun/nio/fs/WindowsException'> (0x00000000f7d3b648) thrown at [C:\src\android\AOSP-openjdk\external\jetbrains\jdk\hotspot\src\share\vm\prims\jni.cpp, line 709]
Event: 6618.034 Thread 0x000000001c55f800 Implicit null exception at 0x0000000003983ede to 0x00000000039849b1
Event: 6618.780 Thread 0x000000001c55f800 Exception <a 'java/io/FileNotFoundException'> (0x00000000e3f800b0) thrown at [C:\src\android\AOSP-openjdk\external\jetbrains\jdk\hotspot\src\share\vm\prims\jni.cpp, line 709]
Event: 6619.854 Thread 0x000000001c55f800 Exception <a 'java/lang/reflect/InvocationTargetException'> (0x00000000f26dffd0) thrown at [C:\src\android\AOSP-openjdk\external\jetbrains\jdk\hotspot\src\share\vm\runtime\reflection.cpp, line 1092]
Event: 6619.855 Thread 0x000000001c55f800 Exception <a 'java/lang/NoSuchMethodError': <clinit>> (0x00000000f275ba80) thrown at [C:\src\android\AOSP-openjdk\external\jetbrains\jdk\hotspot\src\share\vm\prims\jni.cpp, line 1613]
Event: 6619.886 Thread 0x000000001c55f800 Exception <a 'sun/nio/fs/WindowsException'> (0x00000000f291f138) thrown at [C:\src\android\AOSP-openjdk\external\jetbrains\jdk\hotspot\src\share\vm\prims\jni.cpp, line 709]
Event: 6619.907 Thread 0x000000001c55e800 Exception <a 'java/lang/NoSuchMethodError': <clinit>> (0x00000000f2a65e30) thrown at [C:\src\android\AOSP-openjdk\external\jetbrains\jdk\hotspot\src\share\vm\prims\jni.cpp, line 1613]
Event: 6654.873 Thread 0x000000001c55f800 Exception <a 'java/lang/ClassNotFoundException': asLocalRepo429_aprb0wwzalppt8eq8fqvimkfBeanInfo> (0x00000000f315d890) thrown at [C:\src\android\AOSP-openjdk\external\jetbrains\jdk\hotspot\src\share\vm\classfile\systemDictionary.cpp, line 210]
Event: 6654.873 Thread 0x000000001c55f800 Exception <a 'java/lang/ClassNotFoundException': asLocalRepo429_aprb0wwzalppt8eq8fqvimkfCustomizer> (0x00000000f3168818) thrown at [C:\src\android\AOSP-openjdk\external\jetbrains\jdk\hotspot\src\share\vm\classfile\systemDictionary.cpp, line 210]
Event: 6655.144 Thread 0x000000001c55f800 Implicit null exception at 0x0000000003a4d3ba to 0x0000000003a4e679

Events (10 events):
Event: 6655.145 Thread 0x000000001c55f800 Uncommon trap: trap_request=0xffffffde fr.pc=0x0000000005abfd0c
Event: 6655.145 Thread 0x000000001c55f800 DEOPT PACKING pc=0x0000000005abfd0c sp=0x000000002b9bbac0
Event: 6655.145 Thread 0x000000001c55f800 DEOPT UNPACKING pc=0x0000000002b7556a sp=0x000000002b9bba80 mode 2
Event: 6655.145 Thread 0x000000001c55f800 Uncommon trap: trap_request=0xffffffde fr.pc=0x0000000005abfd0c
Event: 6655.145 Thread 0x000000001c55f800 DEOPT PACKING pc=0x0000000005abfd0c sp=0x000000002b9bba70
Event: 6655.145 Thread 0x000000001c55f800 DEOPT UNPACKING pc=0x0000000002b7556a sp=0x000000002b9bba30 mode 2
Event: 6655.232 loading class java/util/ArrayDeque$1
Event: 6655.232 loading class java/util/ArrayDeque$1 done
Event: 6655.259 loading class org/gradle/internal/typeconversion/NotationConverterToNotationParserAdapter$1
Event: 6655.259 loading class org/gradle/internal/typeconversion/NotationConverterToNotationParserAdapter$1 done


Dynamic libraries:
0x00007ff70e260000 - 0x00007ff70e291000 	C:\Program Files\Android\Android Studio\jre\bin\java.exe
0x00007ffbc6f50000 - 0x00007ffbc7121000 	C:\Windows\SYSTEM32\ntdll.dll
0x00007ffbc44e0000 - 0x00007ffbc458b000 	C:\Windows\System32\KERNEL32.DLL
0x00007ffbc3a10000 - 0x00007ffbc3c2d000 	C:\Windows\System32\KERNELBASE.dll
0x00007ffbc6a10000 - 0x00007ffbc6ab2000 	C:\Windows\System32\ADVAPI32.dll
0x00007ffbc4f20000 - 0x00007ffbc4fbe000 	C:\Windows\System32\msvcrt.dll
0x00007ffbc4b90000 - 0x00007ffbc4be9000 	C:\Windows\System32\sechost.dll
0x00007ffbc4a50000 - 0x00007ffbc4b71000 	C:\Windows\System32\RPCRT4.dll
0x00007ffbc5350000 - 0x00007ffbc54b5000 	C:\Windows\System32\USER32.dll
0x00007ffbc3c90000 - 0x00007ffbc3cae000 	C:\Windows\System32\win32u.dll
0x00007ffbc54c0000 - 0x00007ffbc54f4000 	C:\Windows\System32\GDI32.dll
0x00007ffbc3660000 - 0x00007ffbc37e2000 	C:\Windows\System32\gdi32full.dll
0x00007ffbba0d0000 - 0x00007ffbba34a000 	C:\Windows\WinSxS\amd64_microsoft.windows.common-controls_6595b64144ccf1df_6.0.14393.953_none_42151e83c686086b\COMCTL32.dll
0x00007ffbc4590000 - 0x00007ffbc4858000 	C:\Windows\System32\combase.dll
0x00007ffbc34f0000 - 0x00007ffbc35e5000 	C:\Windows\System32\ucrtbase.dll
0x00007ffbc35f0000 - 0x00007ffbc365a000 	C:\Windows\System32\bcryptPrimitives.dll
0x00007ffbc5320000 - 0x00007ffbc534e000 	C:\Windows\System32\IMM32.DLL
0x0000000055850000 - 0x0000000055922000 	C:\Program Files\Android\Android Studio\jre\jre\bin\msvcr100.dll
0x0000000055930000 - 0x000000005616c000 	C:\Program Files\Android\Android Studio\jre\jre\bin\server\jvm.dll
0x00007ffbc4b80000 - 0x00007ffbc4b88000 	C:\Windows\System32\PSAPI.DLL
0x00007ffbbcf00000 - 0x00007ffbbcf09000 	C:\Windows\SYSTEM32\WSOCK32.dll
0x00007ffbc16c0000 - 0x00007ffbc16e3000 	C:\Windows\SYSTEM32\WINMM.dll
0x00007ffbc0250000 - 0x00007ffbc025a000 	C:\Windows\SYSTEM32\VERSION.dll
0x00007ffbc4c50000 - 0x00007ffbc4cba000 	C:\Windows\System32\WS2_32.dll
0x0000000001070000 - 0x000000000109b000 	C:\Windows\SYSTEM32\WINMMBASE.dll
0x00007ffbc37f0000 - 0x00007ffbc3832000 	C:\Windows\System32\cfgmgr32.dll
0x00007ffbbc900000 - 0x00007ffbbc90f000 	C:\Program Files\Android\Android Studio\jre\jre\bin\verify.dll
0x00007ffbbc8d0000 - 0x00007ffbbc8f9000 	C:\Program Files\Android\Android Studio\jre\jre\bin\java.dll
0x00007ffbbc4f0000 - 0x00007ffbbc506000 	C:\Program Files\Android\Android Studio\jre\jre\bin\zip.dll
0x00007ffbc5500000 - 0x00007ffbc6a09000 	C:\Windows\System32\SHELL32.dll
0x00007ffbc3d50000 - 0x00007ffbc442a000 	C:\Windows\System32\windows.storage.dll
0x00007ffbc33f0000 - 0x00007ffbc343c000 	C:\Windows\System32\powrprof.dll
0x00007ffbc4bf0000 - 0x00007ffbc4c42000 	C:\Windows\System32\shlwapi.dll
0x00007ffbc33c0000 - 0x00007ffbc33cf000 	C:\Windows\System32\kernel.appcore.dll
0x00007ffbc4430000 - 0x00007ffbc44d9000 	C:\Windows\System32\shcore.dll
0x00007ffbc33d0000 - 0x00007ffbc33e4000 	C:\Windows\System32\profapi.dll
0x00007ffbbcb40000 - 0x00007ffbbcb5a000 	C:\Program Files\Android\Android Studio\jre\jre\bin\net.dll
0x00007ffbc2ce0000 - 0x00007ffbc2d3c000 	C:\Windows\system32\mswsock.dll
0x00007ffbbcb20000 - 0x00007ffbbcb31000 	C:\Program Files\Android\Android Studio\jre\jre\bin\nio.dll
0x00007ffbbcaa0000 - 0x00007ffbbcabe000 	C:\Users\Pedro\.gradle\native\23\windows-amd64\native-platform.dll
0x00007ffbc2e80000 - 0x00007ffbc2e97000 	C:\Windows\SYSTEM32\CRYPTSP.dll
0x00007ffbc28e0000 - 0x00007ffbc2913000 	C:\Windows\system32\rsaenh.dll
0x00007ffbc2f90000 - 0x00007ffbc2fbb000 	C:\Windows\SYSTEM32\bcrypt.dll
0x00007ffbc2b60000 - 0x00007ffbc2b7f000 	C:\Windows\SYSTEM32\USERENV.dll
0x00007ffbc2ea0000 - 0x00007ffbc2eab000 	C:\Windows\SYSTEM32\CRYPTBASE.dll
0x00007ffbc2a60000 - 0x00007ffbc2a98000 	C:\Windows\SYSTEM32\IPHLPAPI.DLL
0x00007ffbc4ea0000 - 0x00007ffbc4ea8000 	C:\Windows\System32\NSI.dll
0x00007ffbbd740000 - 0x00007ffbbd756000 	C:\Windows\SYSTEM32\dhcpcsvc6.DLL
0x00007ffbbd720000 - 0x00007ffbbd73a000 	C:\Windows\SYSTEM32\dhcpcsvc.DLL
0x00007ffbbbe80000 - 0x00007ffbbbe8d000 	C:\Program Files\Android\Android Studio\jre\jre\bin\management.dll
0x00007ffbbc9f0000 - 0x00007ffbbca14000 	C:\Program Files\Android\Android Studio\jre\jre\bin\sunec.dll
0x00007ffbc11f0000 - 0x00007ffbc11fb000 	C:\Program Files\Android\Android Studio\jre\jre\bin\sunmscapi.dll
0x00007ffbc3840000 - 0x00007ffbc3a09000 	C:\Windows\System32\CRYPT32.dll
0x00007ffbc33b0000 - 0x00007ffbc33c0000 	C:\Windows\System32\MSASN1.dll
0x00007ffbc2aa0000 - 0x00007ffbc2b41000 	C:\Windows\SYSTEM32\DNSAPI.dll
0x0000000056710000 - 0x0000000056745000 	C:\Program Files\Bonjour\mdnsNSP.dll
0x00007ffbb4570000 - 0x00007ffbb457a000 	C:\Windows\System32\rasadhlp.dll
0x00007ffbbd580000 - 0x00007ffbbd5ea000 	C:\Windows\System32\fwpuclnt.dll
0x00007ffbb7680000 - 0x00007ffbb7812000 	C:\Windows\SYSTEM32\dbghelp.dll

VM Arguments:
jvm_args: -Xmx1536m -Dfile.encoding=windows-1252 -Duser.country=BR -Duser.language=pt -Duser.variant 
java_command: org.gradle.launcher.daemon.bootstrap.GradleDaemon 3.3
java_class_path (initial): C:\Users\Pedro\.gradle\wrapper\dists\gradle-3.3-all\55gk2rcmfc6p2dg9u9ohc3hw9\gradle-3.3\lib\gradle-launcher-3.3.jar
Launcher Type: SUN_STANDARD

Environment Variables:
PATH=C:\ProgramData\Oracle\Java\javapath;C:\Windows\system32;C:\Windows;C:\Windows\System32\Wbem;C:\Windows\System32\WindowsPowerShell\v1.0\;C:\Program Files (x86)\NVIDIA Corporation\PhysX\Common;C:\Program Files\Git\cmd;C:\Users\Pedro\AppData\Local\Microsoft\WindowsApps;
USERNAME=Pedro
OS=Windows_NT
PROCESSOR_IDENTIFIER=Intel64 Family 6 Model 60 Stepping 3, GenuineIntel



---------------  S Y S T E M  ---------------

OS: Windows 10.0 , 64 bit Build 14393 (10.0.14393.0)

CPU:total 4 (4 cores per cpu, 1 threads per core) family 6 model 60 stepping 3, cmov, cx8, fxsr, mmx, sse, sse2, sse3, ssse3, sse4.1, sse4.2, popcnt, avx, avx2, aes, clmul, erms, lzcnt, tsc, tscinvbit, bmi1, bmi2

Memory: 4k page, physical 8327280k(4128988k free), swap 9638000k(4697556k free)

vm_info: OpenJDK 64-Bit Server VM (25.112-b06) for windows-amd64 JRE (1.8.0_112-release-b06), built on Dec  8 2016 00:54:26 by "builder" with MS VC++ 10.0 (VS2010)

time: Sun Mar 26 15:15:19 2017
elapsed time: 6655 seconds (0d 1h 50m 55s)

